2025-08-27 00:05:24,939 - __main__ - INFO - 모델 학습 시작
2025-08-27 00:05:24,940 - __main__ - INFO - 학습 데이터 로딩 시작
2025-08-27 00:05:24,941 - __main__ - INFO - 발견된 사람 디렉토리: ['IMU', '다혜', '도엽', '압력', '준형']
2025-08-27 00:05:24,942 - __main__ - INFO - IMU - 5개 파일 발견
2025-08-27 00:05:25,105 - __main__ - INFO - 다혜 - 8개 파일 발견
2025-08-27 00:05:25,223 - __main__ - INFO - 도엽 - 8개 파일 발견
2025-08-27 00:05:25,324 - __main__ - ERROR - 파일 자세모음\도엽\5번자세.csv 처리 중 오류: 'relative_pitch_deg'
2025-08-27 00:05:25,357 - __main__ - INFO - 압력 - 4개 파일 발견
2025-08-27 00:05:25,370 - __main__ - ERROR - 파일 자세모음\압력\0번자세.csv 처리 중 오류: 'relative_pitch_deg'
2025-08-27 00:05:25,386 - __main__ - ERROR - 파일 자세모음\압력\1번자세.csv 처리 중 오류: 'relative_pitch_deg'
2025-08-27 00:05:25,404 - __main__ - ERROR - 파일 자세모음\압력\2번자세.csv 처리 중 오류: 'relative_pitch_deg'
2025-08-27 00:05:25,422 - __main__ - ERROR - 파일 자세모음\압력\4번자세.csv 처리 중 오류: 'relative_pitch_deg'
2025-08-27 00:05:25,423 - __main__ - INFO - 준형 - 8개 파일 발견
2025-08-27 00:05:25,520 - __main__ - INFO - 총 28개 샘플 로드 완료
2025-08-27 00:05:25,525 - __main__ - INFO - 자세 분포: {0: np.int64(4), 1: np.int64(4), 2: np.int64(4), 3: np.int64(4), 4: np.int64(4), 5: np.int64(2), 6: np.int64(3), 7: np.int64(3)}
2025-08-27 00:06:40,498 - __main__ - INFO - 모델 학습 시작
2025-08-27 00:06:40,499 - __main__ - INFO - 학습 데이터 로딩 시작
2025-08-27 00:06:40,499 - __main__ - INFO - 사용할 사람 디렉토리: ['다혜', '도엽', '준형']
2025-08-27 00:06:40,500 - __main__ - INFO - 다혜 - 8개 파일 발견
2025-08-27 00:06:40,528 - __main__ - INFO - 도엽 - 8개 파일 발견
2025-08-27 00:06:40,547 - __main__ - WARNING - 잘못된 형식의 파일 건너뜀: 자세모음\도엽\5번자세.csv
2025-08-27 00:06:40,554 - __main__ - INFO - 준형 - 8개 파일 발견
2025-08-27 00:06:40,584 - __main__ - INFO - 총 23개 샘플 로드 완료
2025-08-27 00:06:40,588 - __main__ - INFO - 자세 분포: {0: np.int64(3), 1: np.int64(3), 2: np.int64(3), 3: np.int64(3), 4: np.int64(3), 5: np.int64(2), 6: np.int64(3), 7: np.int64(3)}
2025-08-27 00:06:40,593 - __main__ - WARNING - Stratify 분할 실패, 일반 분할로 진행합니다.
2025-08-27 00:06:40,687 - __main__ - INFO - 모델 정확도: 0.0000
2025-08-27 00:06:40,698 - __main__ - INFO - 분류 리포트:
              precision    recall  f1-score   support

           0       0.00      0.00      0.00       3.0
           1       0.00      0.00      0.00       1.0
           2       0.00      0.00      0.00       1.0
           3       0.00      0.00      0.00       0.0
           6       0.00      0.00      0.00       0.0
           7       0.00      0.00      0.00       0.0

    accuracy                           0.00       5.0
   macro avg       0.00      0.00      0.00       5.0
weighted avg       0.00      0.00      0.00       5.0

2025-08-27 00:06:40,719 - __main__ - INFO - 특징 중요도:
            feature  importance
10        mean_diff    0.143792
0        mean_pitch    0.090429
9    kurtosis_pitch    0.081373
6         q75_pitch    0.076133
3         max_pitch    0.075256
5         q25_pitch    0.067437
7       range_pitch    0.064570
4      median_pitch    0.061534
13  stability_ratio    0.060587
2         min_pitch    0.058968
11         std_diff    0.057721
1         std_pitch    0.057599
8    skewness_pitch    0.055627
12         max_diff    0.048974
2025-08-27 00:06:40,743 - __main__ - INFO - 모델이 posture_model.pkl에 저장되었습니다.
2025-08-27 00:06:54,005 - __main__ - INFO - 자세 분류 웹소켓 서버 시작
2025-08-27 00:06:54,036 - posture_classifier - INFO - 모델이 posture_model.pkl에서 로드되었습니다.
2025-08-27 00:06:54,037 - __main__ - INFO - 기존 모델 로드 완료
2025-08-27 00:07:12,866 - __main__ - INFO - 새로운 클라이언트 연결: 127.0.0.1 (총 1개 연결)
2025-08-27 00:07:14,619 - __main__ - INFO - 수신된 데이터: {'timestamp': 15420, 'relativePitch': -25.73}
2025-08-27 00:07:14,635 - posture_classifier - INFO - 예측 완료 - 자세: 7, 확신도: 0.3035
2025-08-27 00:07:14,636 - __main__ - INFO - 예측 완료 - 입력: -25.73도, 결과: 7번 자세
2025-08-27 00:07:16,229 - __main__ - INFO - 수신된 데이터: {'timestamp': 15420, 'relativePitch': -25.73}
2025-08-27 00:07:16,239 - posture_classifier - INFO - 예측 완료 - 자세: 7, 확신도: 0.3035
2025-08-27 00:07:16,239 - __main__ - INFO - 예측 완료 - 입력: -25.73도, 결과: 7번 자세
2025-08-27 00:07:16,725 - __main__ - INFO - 수신된 데이터: {'timestamp': 15420, 'relativePitch': -25.73}
2025-08-27 00:07:16,732 - posture_classifier - INFO - 예측 완료 - 자세: 7, 확신도: 0.3035
2025-08-27 00:07:16,733 - __main__ - INFO - 예측 완료 - 입력: -25.73도, 결과: 7번 자세
2025-08-27 00:10:16,311 - __main__ - INFO - 클라이언트 연결 해제: 127.0.0.1 (남은 연결: 0개)
2025-08-27 00:10:16,313 - __main__ - INFO - 클라이언트가 연결을 끊었습니다.
2025-08-27 00:13:27,448 - __main__ - INFO - 자세 분류 웹소켓 서버 종료
